<?xml version="1.0" encoding="UTF-8"?>
<!-- Generated by org.testng.reporters.JUnitXMLReporter -->
<testsuite hostname="LAPTOP-IVDTKOOS" ignored="2" name="Default test" tests="1" failures="0" timestamp="2022-06-12T02:56:42 IST" time="9.929" errors="0">
  <testcase name="verifyAdminHasSufficientPermissionToVisitBulkFileUploadPage" time="3.525" classname="testCases.OverviewTest"/>
  <testcase name="verifyRewardAdminHasSufficientPermissionToCreateRewardTest" time="0.0" classname="testCases.OverviewTest">
    <ignored/>
  </testcase> <!-- verifyRewardAdminHasSufficientPermissionToCreateRewardTest -->
  <testcase name="verifyRewardAdminDoesNotHaveAccessToOtherSectionsTest" time="0.0" classname="testCases.OverviewTest">
    <ignored/>
  </testcase> <!-- verifyRewardAdminDoesNotHaveAccessToOtherSectionsTest -->
</testsuite> <!-- Default test -->
