<?xml version="1.0" encoding="UTF-8"?>
<testsuite xmlns:xsi="http://www.w3.org/2001/XMLSchema-instance" xsi:noNamespaceSchemaLocation="https://maven.apache.org/surefire/maven-surefire-plugin/xsd/surefire-test-report-3.0.xsd" version="3.0" name="TestSuite" time="283.208" tests="13" errors="0" skipped="0" failures="3">
  <properties>
[...]
</properties>
  <testcase name="verifyNewlyUploadedFileReflectsInListTest" classname="testCases.BulkActionsTest" time="13.167"/>
  <testcase name="verifyUserAbleToUploadCsvTypeFileTest" classname="testCases.BulkActionsTest" time="8.976"/>
  <testcase name="verifyUserAbleToUploadExcelTypeFile" classname="testCases.BulkActionsTest" time="11.615">
    <failure message="The following asserts failed:&#10;	Excel type file not accepted expected [true] but found [false]" type="java.lang.AssertionError"><![CDATA[java.lang.AssertionError: 
The following asserts failed:
	Excel type file not accepted expected [true] but found [false]
	at testCases.BulkActionsTest.verifyUserAbleToUploadExcelTypeFile(BulkActionsTest.java:37)
]]></failure>
    <system-out><![CDATA[2022-06-13 14:10:54 INFO  ListenerTest:63 - *******************testCases.BulkActionsTest.verifyUserAbleToUploadExcelTypeFile started*******************
 2022-06-13 14:10:54 INFO  JavaScriptHelper:27 - arguments[0].scrollIntoView()
 2022-06-13 14:10:54 INFO  JavaScriptHelper:47 - scrolled into view of : [[ChromeDriver: chrome on WINDOWS (71274427cc682782846fbc9496998fbb)] -> xpath: //input[@id='email']]
 2022-06-13 14:10:55 INFO  LoginPage:73 - Entered email : thao+test-qa-interview@perxtech.com
 2022-06-13 14:10:55 INFO  JavaScriptHelper:27 - arguments[0].scrollIntoView()
 2022-06-13 14:10:55 INFO  JavaScriptHelper:47 - scrolled into view of : [[ChromeDriver: chrome on WINDOWS (71274427cc682782846fbc9496998fbb)] -> xpath: //input[@id='password']]
 2022-06-13 14:10:55 INFO  LoginPage:75 - Entered password : admin1234
 2022-06-13 14:10:55 INFO  LoginPage:77 - clicked on login button
 2022-06-13 14:10:58 INFO  OverviewPage:110 - clicked on bulk actions section 
 2022-06-13 14:10:58 INFO  BulkActionsPage:53 - clicked on upload button
 2022-06-13 14:10:58 INFO  BulkActionsPage:55 - clicked on file drop area 
 2022-06-13 14:10:58 INFO  BulkActionsPage:57 - clicked on upload button on form and uploaded file
 2022-06-13 14:10:58 INFO  BulkActionsPage:58 - Uploading file : sampleExcel.xlsx
 2022-06-13 14:10:58 INFO  BulkActionsPage:59 - uploading file of type : xlsx
 2022-06-13 14:11:03 INFO  BulkActionsPage:63 - Alert poped up as : Error uploading file.
 ]]></system-out>
    <system-err><![CDATA[Starting ChromeDriver 102.0.5005.61 (0e59bcc00cc4985ce39ad31c150065f159d95ad3-refs/branch-heads/5005@{#819}) on port 50599
Only local connections are allowed.
Please see https://chromedriver.chromium.org/security-considerations for suggestions on keeping ChromeDriver safe.
ChromeDriver was started successfully.
Jun 13, 2022 2:10:51 PM org.openqa.selenium.remote.ProtocolHandshake createSession
INFO: Detected dialect: W3C
]]></system-err>
  </testcase>
  <testcase name="verifyUserAbleToUploadTxtTypeFileTest" classname="testCases.BulkActionsTest" time="11.776">
    <failure message="The following asserts failed:&#10;	Text type file not accepted expected [true] but found [false]" type="java.lang.AssertionError"><![CDATA[java.lang.AssertionError: 
The following asserts failed:
	Text type file not accepted expected [true] but found [false]
	at testCases.BulkActionsTest.verifyUserAbleToUploadTxtTypeFileTest(BulkActionsTest.java:51)
]]></failure>
    <system-out><![CDATA[2022-06-13 14:11:10 INFO  ListenerTest:63 - *******************testCases.BulkActionsTest.verifyUserAbleToUploadTxtTypeFileTest started*******************
 2022-06-13 14:11:10 INFO  JavaScriptHelper:27 - arguments[0].scrollIntoView()
 2022-06-13 14:11:10 INFO  JavaScriptHelper:47 - scrolled into view of : [[ChromeDriver: chrome on WINDOWS (8360d1772b1300c4b2cca9d74790fb7e)] -> xpath: //input[@id='email']]
 2022-06-13 14:11:11 INFO  LoginPage:73 - Entered email : thao+test-qa-interview@perxtech.com
 2022-06-13 14:11:11 INFO  JavaScriptHelper:27 - arguments[0].scrollIntoView()
 2022-06-13 14:11:11 INFO  JavaScriptHelper:47 - scrolled into view of : [[ChromeDriver: chrome on WINDOWS (8360d1772b1300c4b2cca9d74790fb7e)] -> xpath: //input[@id='password']]
 2022-06-13 14:11:11 INFO  LoginPage:75 - Entered password : admin1234
 2022-06-13 14:11:11 INFO  LoginPage:77 - clicked on login button
 2022-06-13 14:11:14 INFO  OverviewPage:110 - clicked on bulk actions section 
 2022-06-13 14:11:14 INFO  BulkActionsPage:53 - clicked on upload button
 2022-06-13 14:11:15 INFO  BulkActionsPage:55 - clicked on file drop area 
 2022-06-13 14:11:15 INFO  BulkActionsPage:57 - clicked on upload button on form and uploaded file
 2022-06-13 14:11:15 INFO  BulkActionsPage:58 - Uploading file : sampleText.txt
 2022-06-13 14:11:15 INFO  BulkActionsPage:59 - uploading file of type : txt
 2022-06-13 14:11:19 INFO  BulkActionsPage:63 - Alert poped up as : Error uploading file.
 ]]></system-out>
    <system-err><![CDATA[Starting ChromeDriver 102.0.5005.61 (0e59bcc00cc4985ce39ad31c150065f159d95ad3-refs/branch-heads/5005@{#819}) on port 8011
Only local connections are allowed.
Please see https://chromedriver.chromium.org/security-considerations for suggestions on keeping ChromeDriver safe.
ChromeDriver was started successfully.
Jun 13, 2022 2:11:07 PM org.openqa.selenium.remote.ProtocolHandshake createSession
INFO: Detected dialect: W3C
]]></system-err>
  </testcase>
  <testcase name="verifyUserNotAbleToUploadPDFTypeFileTest" classname="testCases.BulkActionsTest" time="8.375"/>
  <testcase name="verifyAdminHasSufficientPermissionToVisitBulkFileUploadPage" classname="testCases.OverviewTest" time="3.429"/>
  <testcase name="verifyRewardAdminDoesNotHaveAccessToOtherSectionsTest" classname="testCases.OverviewTest" time="102.731"/>
  <testcase name="verifyRewardAdminHasSufficientPermissionToCreateRewardTest" classname="testCases.OverviewTest" time="2.489"/>
  <testcase name="newlyCreatedRewardPresentInListTest" classname="testCases.RewardsTest" time="15.013"/>
  <testcase name="verifyClickingCreateNewButtonLeadsToRewardCreationPageTest" classname="testCases.RewardsTest" time="5.049"/>
  <testcase name="verifyBrandsTagsCategoriesLabelsFieldDisappersInPrivateTypeRewardTest" classname="testCases.RewardCreationTest" time="12.959">
    <failure message="The following asserts failed:&#10;	fields did not disappear on private type of reward expected [true] but found [false]" type="java.lang.AssertionError"><![CDATA[java.lang.AssertionError: 
The following asserts failed:
	fields did not disappear on private type of reward expected [true] but found [false]
	at testCases.RewardCreationTest.verifyBrandsTagsCategoriesLabelsFieldDisappersInPrivateTypeRewardTest(RewardCreationTest.java:65)
]]></failure>
    <system-out><![CDATA[2022-06-13 14:14:09 INFO  ListenerTest:63 - *******************testCases.RewardCreationTest.verifyBrandsTagsCategoriesLabelsFieldDisappersInPrivateTypeRewardTest started*******************
 2022-06-13 14:14:09 INFO  JavaScriptHelper:27 - arguments[0].scrollIntoView()
 2022-06-13 14:14:09 INFO  JavaScriptHelper:47 - scrolled into view of : [[ChromeDriver: chrome on WINDOWS (1180ad05c2a4037f59940103a18eb00e)] -> xpath: //input[@id='email']]
 2022-06-13 14:14:09 INFO  LoginPage:52 - Entered email : thao+reward-test-qa-interview@perxtech.com
 2022-06-13 14:14:10 INFO  JavaScriptHelper:27 - arguments[0].scrollIntoView()
 2022-06-13 14:14:10 INFO  JavaScriptHelper:47 - scrolled into view of : [[ChromeDriver: chrome on WINDOWS (1180ad05c2a4037f59940103a18eb00e)] -> xpath: //input[@id='password']]
 2022-06-13 14:14:10 INFO  LoginPage:54 - Entered password : reward_admin
 2022-06-13 14:14:10 INFO  LoginPage:56 - clicked on login button
 2022-06-13 14:14:16 INFO  OverviewPage:99 - clicked on rewards section 
 2022-06-13 14:14:17 INFO  BasePage:59 - inside catch after exception :ElementClickInterceptedException
 2022-06-13 14:14:17 INFO  ExplicitWait:138 - Waiting for element to be clickable: [[ChromeDriver: chrome on WINDOWS (1180ad05c2a4037f59940103a18eb00e)] -> xpath: //span[text()='Create New']]
 2022-06-13 14:14:17 INFO  RewardsPage:34 - clicked on Create New button
 2022-06-13 14:14:18 INFO  RewardsPage:38 - User navigated to Reward creation page : true
 2022-06-13 14:14:18 INFO  RewardCreationPage:190 - Brands field present on priavte type of reward : true
 2022-06-13 14:14:18 INFO  RewardCreationPage:192 - tags field present on priavte type of reward : true
 2022-06-13 14:14:18 INFO  RewardCreationPage:194 - categories field present on priavte type of reward : true
 2022-06-13 14:14:19 INFO  RewardCreationPage:196 - lables field present on priavte type of reward : true
 ]]></system-out>
    <system-err><![CDATA[Starting ChromeDriver 102.0.5005.61 (0e59bcc00cc4985ce39ad31c150065f159d95ad3-refs/branch-heads/5005@{#819}) on port 52143
Only local connections are allowed.
Please see https://chromedriver.chromium.org/security-considerations for suggestions on keeping ChromeDriver safe.
ChromeDriver was started successfully.
Jun 13, 2022 2:14:06 PM org.openqa.selenium.remote.ProtocolHandshake createSession
INFO: Detected dialect: W3C
]]></system-err>
  </testcase>
  <testcase name="verifyRewardValidityPeriodHaveBothStartAndEndDatesTest" classname="testCases.RewardCreationTest" time="8.621"/>
  <testcase name="verifySuccessfulSubmissionHappensOnlyWhenPayloadContainsMandInfoTest" classname="testCases.RewardCreationTest" time="14.366"/>
</testsuite>