<?xml version="1.0" encoding="UTF-8"?>
<testng-results skipped="0" failed="0" ignored="2" total="3" passed="1">
  <reporter-output>
  </reporter-output>
  <suite name="Default suite" duration-ms="9929" started-at="2022-06-12T02:56:32 IST" finished-at="2022-06-12T02:56:42 IST">
    <groups>
    </groups>
    <test name="Default test" duration-ms="9929" started-at="2022-06-12T02:56:32 IST" finished-at="2022-06-12T02:56:42 IST">
      <class name="testCases.OverviewTest">
        <test-method status="PASS" signature="startLogs()[pri:0, instance:testCases.OverviewTest@13c27452]" name="startLogs" is-config="true" duration-ms="11" started-at="2022-06-12T02:56:32 IST" finished-at="2022-06-12T02:56:32 IST">
          <reporter-output>
          </reporter-output>
        </test-method> <!-- startLogs -->
        <test-method status="PASS" signature="setUp()[pri:0, instance:testCases.OverviewTest@13c27452]" name="setUp" is-config="true" duration-ms="3428" started-at="2022-06-12T02:56:32 IST" finished-at="2022-06-12T02:56:36 IST">
          <reporter-output>
          </reporter-output>
        </test-method> <!-- setUp -->
        <test-method status="PASS" signature="openPage()[pri:0, instance:testCases.OverviewTest@13c27452]" name="openPage" is-config="true" duration-ms="2760" started-at="2022-06-12T02:56:36 IST" finished-at="2022-06-12T02:56:39 IST">
          <reporter-output>
          </reporter-output>
        </test-method> <!-- openPage -->
        <test-method status="PASS" signature="verifyAdminHasSufficientPermissionToVisitBulkFileUploadPage()[pri:0, instance:testCases.OverviewTest@13c27452]" name="verifyAdminHasSufficientPermissionToVisitBulkFileUploadPage" duration-ms="3525" started-at="2022-06-12T02:56:39 IST" finished-at="2022-06-12T02:56:42 IST">
          <reporter-output>
          </reporter-output>
        </test-method> <!-- verifyAdminHasSufficientPermissionToVisitBulkFileUploadPage -->
        <test-method status="PASS" signature="tearDown()[pri:0, instance:testCases.OverviewTest@13c27452]" name="tearDown" is-config="true" duration-ms="180" started-at="2022-06-12T02:56:42 IST" finished-at="2022-06-12T02:56:42 IST">
          <reporter-output>
          </reporter-output>
        </test-method> <!-- tearDown -->
      </class> <!-- testCases.OverviewTest -->
    </test> <!-- Default test -->
  </suite> <!-- Default suite -->
</testng-results>
